<?xml version="1.0" encoding="UTF-8"?>
<coverage generated="1728920616254" clover="3.2.0">
  <project timestamp="1728920616254" name="All files">
    <metrics statements="112" coveredstatements="111" conditionals="16" coveredconditionals="15" methods="15" coveredmethods="15" elements="143" coveredelements="141" complexity="0" loc="112" ncloc="112" packages="5" files="8" classes="8"/>
    <package name="src">
      <metrics statements="11" coveredstatements="11" conditionals="2" coveredconditionals="1" methods="1" coveredmethods="1"/>
      <file name="index.ts" path="/Users/gaeldr/Documents/DEVELOPMENT/TESTS TECHNIQUES/justify_text_api/src/index.ts">
        <metrics statements="11" coveredstatements="11" conditionals="2" coveredconditionals="1" methods="1" coveredmethods="1"/>
        <line num="1" count="3" type="stmt"/>
        <line num="2" count="3" type="stmt"/>
        <line num="3" count="3" type="stmt"/>
        <line num="4" count="3" type="stmt"/>
        <line num="5" count="3" type="stmt"/>
        <line num="7" count="3" type="cond" truecount="1" falsecount="1"/>
        <line num="9" count="3" type="stmt"/>
        <line num="11" count="3" type="stmt"/>
        <line num="13" count="3" type="stmt"/>
        <line num="14" count="3" type="stmt"/>
        <line num="17" count="3" type="stmt"/>
      </file>
    </package>
    <package name="src.controllers">
      <metrics statements="11" coveredstatements="11" conditionals="0" coveredconditionals="0" methods="2" coveredmethods="2"/>
      <file name="index.ts" path="/Users/gaeldr/Documents/DEVELOPMENT/TESTS TECHNIQUES/justify_text_api/src/controllers/index.ts">
        <metrics statements="2" coveredstatements="2" conditionals="0" coveredconditionals="0" methods="0" coveredmethods="0"/>
        <line num="1" count="3" type="stmt"/>
        <line num="3" count="3" type="stmt"/>
      </file>
      <file name="justifyController.ts" path="/Users/gaeldr/Documents/DEVELOPMENT/TESTS TECHNIQUES/justify_text_api/src/controllers/justifyController.ts">
        <metrics statements="9" coveredstatements="9" conditionals="0" coveredconditionals="0" methods="2" coveredmethods="2"/>
        <line num="1" count="3" type="stmt"/>
        <line num="4" count="3" type="stmt"/>
        <line num="6" count="6" type="stmt"/>
        <line num="7" count="6" type="stmt"/>
        <line num="10" count="6" type="stmt"/>
        <line num="11" count="6" type="stmt"/>
        <line num="12" count="7" type="stmt"/>
        <line num="16" count="6" type="stmt"/>
        <line num="18" count="6" type="stmt"/>
      </file>
    </package>
    <package name="src.middlewares">
      <metrics statements="42" coveredstatements="41" conditionals="7" coveredconditionals="7" methods="6" coveredmethods="6"/>
      <file name="auth.ts" path="/Users/gaeldr/Documents/DEVELOPMENT/TESTS TECHNIQUES/justify_text_api/src/middlewares/auth.ts">
        <metrics statements="26" coveredstatements="25" conditionals="5" coveredconditionals="5" methods="4" coveredmethods="4"/>
        <line num="1" count="3" type="stmt"/>
        <line num="3" count="3" type="stmt"/>
        <line num="5" count="3" type="stmt"/>
        <line num="7" count="3" type="stmt"/>
        <line num="9" count="3" type="stmt"/>
        <line num="10" count="2" type="stmt"/>
        <line num="11" count="2" type="stmt"/>
        <line num="13" count="2" type="stmt"/>
        <line num="15" count="2" type="cond" truecount="1" falsecount="0"/>
        <line num="16" count="1" type="stmt"/>
        <line num="17" count="1" type="stmt"/>
        <line num="20" count="1" type="stmt"/>
        <line num="21" count="1" type="stmt"/>
        <line num="24" count="3" type="stmt"/>
        <line num="29" count="10" type="stmt"/>
        <line num="30" count="10" type="cond" truecount="2" falsecount="0"/>
        <line num="32" count="10" type="cond" truecount="1" falsecount="0"/>
        <line num="33" count="1" type="stmt"/>
        <line num="34" count="1" type="stmt"/>
        <line num="37" count="9" type="stmt"/>
        <line num="38" count="9" type="stmt"/>
        <line num="39" count="9" type="cond" truecount="1" falsecount="0"/>
        <line num="40" count="1" type="stmt"/>
        <line num="42" count="8" type="stmt"/>
        <line num="43" count="8" type="stmt"/>
        <line num="46" count="0" type="stmt"/>
      </file>
      <file name="rateLimiter.ts" path="/Users/gaeldr/Documents/DEVELOPMENT/TESTS TECHNIQUES/justify_text_api/src/middlewares/rateLimiter.ts">
        <metrics statements="16" coveredstatements="16" conditionals="2" coveredconditionals="2" methods="2" coveredmethods="2"/>
        <line num="2" count="3" type="stmt"/>
        <line num="3" count="3" type="stmt"/>
        <line num="5" count="3" type="stmt"/>
        <line num="10" count="7" type="stmt"/>
        <line num="11" count="7" type="stmt"/>
        <line num="13" count="7" type="cond" truecount="1" falsecount="0"/>
        <line num="14" count="4" type="stmt"/>
        <line num="17" count="7" type="stmt"/>
        <line num="19" count="7" type="cond" truecount="1" falsecount="0"/>
        <line num="20" count="1" type="stmt"/>
        <line num="21" count="1" type="stmt"/>
        <line num="24" count="6" type="stmt"/>
        <line num="27" count="3" type="stmt"/>
        <line num="28" count="4" type="stmt"/>
        <line num="29" count="3" type="stmt"/>
        <line num="33" count="3" type="stmt"/>
      </file>
    </package>
    <package name="src.router.api">
      <metrics statements="10" coveredstatements="10" conditionals="0" coveredconditionals="0" methods="0" coveredmethods="0"/>
      <file name="index.ts" path="/Users/gaeldr/Documents/DEVELOPMENT/TESTS TECHNIQUES/justify_text_api/src/router/api/index.ts">
        <metrics statements="10" coveredstatements="10" conditionals="0" coveredconditionals="0" methods="0" coveredmethods="0"/>
        <line num="1" count="3" type="stmt"/>
        <line num="2" count="3" type="stmt"/>
        <line num="3" count="3" type="stmt"/>
        <line num="4" count="3" type="stmt"/>
        <line num="6" count="3" type="stmt"/>
        <line num="8" count="3" type="stmt"/>
        <line num="9" count="3" type="stmt"/>
        <line num="11" count="3" type="stmt"/>
        <line num="12" count="3" type="stmt"/>
        <line num="20" count="3" type="stmt"/>
      </file>
    </package>
    <package name="src.utils">
      <metrics statements="38" coveredstatements="38" conditionals="7" coveredconditionals="7" methods="6" coveredmethods="6"/>
      <file name="generateToken.ts" path="/Users/gaeldr/Documents/DEVELOPMENT/TESTS TECHNIQUES/justify_text_api/src/utils/generateToken.ts">
        <metrics statements="8" coveredstatements="8" conditionals="0" coveredconditionals="0" methods="1" coveredmethods="1"/>
        <line num="1" count="2" type="stmt"/>
        <line num="2" count="2" type="stmt"/>
        <line num="4" count="2" type="stmt"/>
        <line num="6" count="2" type="stmt"/>
        <line num="8" count="2" type="stmt"/>
        <line num="9" count="3" type="stmt"/>
        <line num="10" count="3" type="stmt"/>
        <line num="13" count="2" type="stmt"/>
      </file>
      <file name="justifyUtils.ts" path="/Users/gaeldr/Documents/DEVELOPMENT/TESTS TECHNIQUES/justify_text_api/src/utils/justifyUtils.ts">
        <metrics statements="30" coveredstatements="30" conditionals="7" coveredconditionals="7" methods="5" coveredmethods="5"/>
        <line num="1" count="3" type="stmt"/>
        <line num="2" count="100323" type="stmt"/>
        <line num="3" count="100323" type="stmt"/>
        <line num="4" count="100323" type="stmt"/>
        <line num="5" count="100323" type="stmt"/>
        <line num="8" count="3" type="stmt"/>
        <line num="9" count="6" type="stmt"/>
        <line num="12" count="3" type="stmt"/>
        <line num="13" count="7" type="stmt"/>
        <line num="15" count="7" type="stmt"/>
        <line num="16" count="7" type="stmt"/>
        <line num="18" count="7" type="stmt"/>
        <line num="19" count="100323" type="stmt"/>
        <line num="21" count="100323" type="cond" truecount="2" falsecount="0"/>
        <line num="22" count="6268" type="cond" truecount="1" falsecount="0"/>
        <line num="23" count="6268" type="stmt"/>
        <line num="25" count="6268" type="stmt"/>
        <line num="27" count="94055" type="cond" truecount="2" falsecount="0"/>
        <line num="31" count="7" type="cond" truecount="1" falsecount="0"/>
        <line num="32" count="7" type="stmt"/>
        <line num="35" count="7" type="stmt"/>
        <line num="38" count="3" type="stmt"/>
        <line num="39" count="6275" type="stmt"/>
        <line num="40" count="6275" type="stmt"/>
        <line num="42" count="6275" type="cond" truecount="1" falsecount="0"/>
        <line num="44" count="6274" type="stmt"/>
        <line num="46" count="6274" type="stmt"/>
        <line num="47" count="6341" type="stmt"/>
        <line num="48" count="6341" type="stmt"/>
        <line num="51" count="6274" type="stmt"/>
      </file>
    </package>
  </project>
</coverage>
