{"/Users/gaeldr/Documents/DEVELOPMENT/TESTS TECHNIQUES/justify_text_api/src/index.ts": {"path":"/Users/gaeldr/Documents/DEVELOPMENT/TESTS TECHNIQUES/justify_text_api/src/index.ts","statementMap":{"0":{"start":{"line":1,"column":0},"end":{"line":1,"column":34}},"1":{"start":{"line":2,"column":0},"end":{"line":2,"column":28}},"2":{"start":{"line":3,"column":0},"end":{"line":3,"column":30}},"3":{"start":{"line":4,"column":0},"end":{"line":4,"column":16}},"4":{"start":{"line":5,"column":12},"end":{"line":5,"column":21}},"5":{"start":{"line":17,"column":9},"end":{"line":17,"column":12}},"6":{"start":{"line":7,"column":13},"end":{"line":7,"column":37}},"7":{"start":{"line":9,"column":0},"end":{"line":9,"column":48}},"8":{"start":{"line":11,"column":0},"end":{"line":11,"column":16}},"9":{"start":{"line":13,"column":15},"end":{"line":15,"column":2}},"10":{"start":{"line":14,"column":2},"end":{"line":14,"column":48}},"11":{"start":{"line":17,"column":14},"end":{"line":17,"column":20}}},"fnMap":{"0":{"name":"(anonymous_1)","decl":{"start":{"line":13,"column":32},"end":{"line":13,"column":35}},"loc":{"start":{"line":13,"column":37},"end":{"line":15,"column":1}}}},"branchMap":{"0":{"loc":{"start":{"line":7,"column":13},"end":{"line":7,"column":37}},"type":"binary-expr","locations":[{"start":{"line":7,"column":13},"end":{"line":7,"column":29}},{"start":{"line":7,"column":33},"end":{"line":7,"column":37}}]}},"s":{"0":1,"1":1,"2":1,"3":1,"4":1,"5":1,"6":1,"7":1,"8":1,"9":1,"10":1,"11":1},"f":{"0":1},"b":{"0":[1,0]}}
,"/Users/gaeldr/Documents/DEVELOPMENT/TESTS TECHNIQUES/justify_text_api/src/controllers/index.ts": {"path":"/Users/gaeldr/Documents/DEVELOPMENT/TESTS TECHNIQUES/justify_text_api/src/controllers/index.ts","statementMap":{"0":{"start":{"line":1,"column":0},"end":{"line":1,"column":52}},"1":{"start":{"line":3,"column":0},"end":{"line":3,"column":null}}},"fnMap":{},"branchMap":{},"s":{"0":1,"1":1},"f":{},"b":{}}
,"/Users/gaeldr/Documents/DEVELOPMENT/TESTS TECHNIQUES/justify_text_api/src/controllers/justifyController.ts": {"path":"/Users/gaeldr/Documents/DEVELOPMENT/TESTS TECHNIQUES/justify_text_api/src/controllers/justifyController.ts","statementMap":{"0":{"start":{"line":1,"column":0},"end":{"line":1,"column":77}},"1":{"start":{"line":4,"column":0},"end":{"line":20,"column":2}},"2":{"start":{"line":6,"column":17},"end":{"line":6,"column":25}},"3":{"start":{"line":7,"column":26},"end":{"line":7,"column":28}},"4":{"start":{"line":10,"column":23},"end":{"line":10,"column":41}},"5":{"start":{"line":11,"column":24},"end":{"line":13,"column":17}},"6":{"start":{"line":12,"column":6},"end":{"line":12,"column":56}},"7":{"start":{"line":16,"column":4},"end":{"line":16,"column":55}},"8":{"start":{"line":18,"column":4},"end":{"line":18,"column":47}}},"fnMap":{"0":{"name":"(anonymous_7)","decl":{"start":{"line":5,"column":8},"end":{"line":5,"column":19}},"loc":{"start":{"line":5,"column":47},"end":{"line":19,"column":null}}},"1":{"name":"(anonymous_9)","decl":{"start":{"line":11,"column":39},"end":{"line":11,"column":40}},"loc":{"start":{"line":11,"column":61},"end":{"line":13,"column":5}}}},"branchMap":{},"s":{"0":1,"1":1,"2":1,"3":1,"4":1,"5":1,"6":2,"7":1,"8":1},"f":{"0":1,"1":2},"b":{}}
,"/Users/gaeldr/Documents/DEVELOPMENT/TESTS TECHNIQUES/justify_text_api/src/middlewares/auth.ts": {"path":"/Users/gaeldr/Documents/DEVELOPMENT/TESTS TECHNIQUES/justify_text_api/src/middlewares/auth.ts","statementMap":{"0":{"start":{"line":2,"column":0},"end":{"line":2,"column":28}},"1":{"start":{"line":3,"column":0},"end":{"line":3,"column":31}},"2":{"start":{"line":5,"column":0},"end":{"line":5,"column":16}},"3":{"start":{"line":7,"column":23},"end":{"line":7,"column":59}},"4":{"start":{"line":9,"column":29},"end":{"line":13,"column":1}},"5":{"start":{"line":10,"column":20},"end":{"line":10,"column":28}},"6":{"start":{"line":11,"column":16},"end":{"line":11,"column":73}},"7":{"start":{"line":12,"column":2},"end":{"line":12,"column":22}},"8":{"start":{"line":9,"column":13},"end":{"line":9,"column":29}},"9":{"start":{"line":15,"column":33},"end":{"line":40,"column":1}},"10":{"start":{"line":20,"column":21},"end":{"line":20,"column":49}},"11":{"start":{"line":21,"column":16},"end":{"line":21,"column":54}},"12":{"start":{"line":24,"column":2},"end":{"line":27,"column":3}},"13":{"start":{"line":25,"column":4},"end":{"line":25,"column":49}},"14":{"start":{"line":26,"column":4},"end":{"line":26,"column":11}},"15":{"start":{"line":29,"column":2},"end":{"line":39,"column":3}},"16":{"start":{"line":30,"column":4},"end":{"line":36,"column":7}},"17":{"start":{"line":31,"column":6},"end":{"line":33,"column":7}},"18":{"start":{"line":32,"column":8},"end":{"line":32,"column":35}},"19":{"start":{"line":34,"column":6},"end":{"line":34,"column":27}},"20":{"start":{"line":35,"column":6},"end":{"line":35,"column":13}},"21":{"start":{"line":38,"column":4},"end":{"line":38,"column":41}},"22":{"start":{"line":15,"column":13},"end":{"line":15,"column":33}}},"fnMap":{"0":{"name":"(anonymous_1)","decl":{"start":{"line":9,"column":29},"end":{"line":9,"column":30}},"loc":{"start":{"line":9,"column":61},"end":{"line":13,"column":1}}},"1":{"name":"(anonymous_2)","decl":{"start":{"line":15,"column":33},"end":{"line":15,"column":null}},"loc":{"start":{"line":19,"column":10},"end":{"line":40,"column":1}}},"2":{"name":"(anonymous_3)","decl":{"start":{"line":30,"column":38},"end":{"line":30,"column":39}},"loc":{"start":{"line":30,"column":62},"end":{"line":36,"column":5}}}},"branchMap":{"0":{"loc":{"start":{"line":21,"column":16},"end":{"line":21,"column":54}},"type":"binary-expr","locations":[{"start":{"line":21,"column":16},"end":{"line":21,"column":26}},{"start":{"line":21,"column":30},"end":{"line":21,"column":54}}]},"1":{"loc":{"start":{"line":24,"column":2},"end":{"line":27,"column":3}},"type":"if","locations":[{"start":{"line":24,"column":2},"end":{"line":27,"column":3}}]},"2":{"loc":{"start":{"line":31,"column":6},"end":{"line":33,"column":7}},"type":"if","locations":[{"start":{"line":31,"column":6},"end":{"line":33,"column":7}}]}},"s":{"0":1,"1":1,"2":1,"3":1,"4":1,"5":0,"6":0,"7":0,"8":1,"9":1,"10":1,"11":1,"12":1,"13":0,"14":0,"15":1,"16":1,"17":1,"18":0,"19":1,"20":1,"21":0,"22":1},"f":{"0":0,"1":1,"2":1},"b":{"0":[1,1],"1":[0],"2":[0]}}
,"/Users/gaeldr/Documents/DEVELOPMENT/TESTS TECHNIQUES/justify_text_api/src/middlewares/rateLimiter.ts": {"path":"/Users/gaeldr/Documents/DEVELOPMENT/TESTS TECHNIQUES/justify_text_api/src/middlewares/rateLimiter.ts","statementMap":{"0":{"start":{"line":2,"column":46},"end":{"line":2,"column":48}},"1":{"start":{"line":3,"column":22},"end":{"line":3,"column":27}},"2":{"start":{"line":5,"column":20},"end":{"line":30,"column":1}},"3":{"start":{"line":10,"column":16},"end":{"line":10,"column":44}},"4":{"start":{"line":11,"column":20},"end":{"line":11,"column":46}},"5":{"start":{"line":13,"column":2},"end":{"line":16,"column":3}},"6":{"start":{"line":14,"column":4},"end":{"line":14,"column":41}},"7":{"start":{"line":15,"column":4},"end":{"line":15,"column":11}},"8":{"start":{"line":18,"column":2},"end":{"line":20,"column":3}},"9":{"start":{"line":19,"column":4},"end":{"line":19,"column":26}},"10":{"start":{"line":22,"column":2},"end":{"line":22,"column":33}},"11":{"start":{"line":24,"column":2},"end":{"line":27,"column":3}},"12":{"start":{"line":25,"column":4},"end":{"line":25,"column":58}},"13":{"start":{"line":26,"column":4},"end":{"line":26,"column":11}},"14":{"start":{"line":29,"column":2},"end":{"line":29,"column":9}},"15":{"start":{"line":32,"column":0},"end":{"line":32,"column":27}}},"fnMap":{"0":{"name":"(anonymous_0)","decl":{"start":{"line":5,"column":20},"end":{"line":5,"column":null}},"loc":{"start":{"line":9,"column":10},"end":{"line":30,"column":1}}}},"branchMap":{"0":{"loc":{"start":{"line":13,"column":2},"end":{"line":16,"column":3}},"type":"if","locations":[{"start":{"line":13,"column":2},"end":{"line":16,"column":3}}]},"1":{"loc":{"start":{"line":18,"column":2},"end":{"line":20,"column":3}},"type":"if","locations":[{"start":{"line":18,"column":2},"end":{"line":20,"column":3}}]},"2":{"loc":{"start":{"line":24,"column":2},"end":{"line":27,"column":3}},"type":"if","locations":[{"start":{"line":24,"column":2},"end":{"line":27,"column":3}}]}},"s":{"0":1,"1":1,"2":1,"3":1,"4":1,"5":1,"6":0,"7":0,"8":1,"9":1,"10":1,"11":1,"12":0,"13":0,"14":1,"15":1},"f":{"0":1},"b":{"0":[0],"1":[1],"2":[0]}}
,"/Users/gaeldr/Documents/DEVELOPMENT/TESTS TECHNIQUES/justify_text_api/src/router/api/index.ts": {"path":"/Users/gaeldr/Documents/DEVELOPMENT/TESTS TECHNIQUES/justify_text_api/src/router/api/index.ts","statementMap":{"0":{"start":{"line":1,"column":0},"end":{"line":1,"column":40}},"1":{"start":{"line":2,"column":0},"end":{"line":2,"column":70}},"2":{"start":{"line":3,"column":0},"end":{"line":3,"column":52}},"3":{"start":{"line":4,"column":0},"end":{"line":4,"column":30}},"4":{"start":{"line":6,"column":15},"end":{"line":6,"column":24}},"5":{"start":{"line":8,"column":19},"end":{"line":8,"column":33}},"6":{"start":{"line":9,"column":19},"end":{"line":9,"column":33}},"7":{"start":{"line":11,"column":0},"end":{"line":11,"column":53}},"8":{"start":{"line":12,"column":0},"end":{"line":18,"column":2}},"9":{"start":{"line":20,"column":0},"end":{"line":20,"column":22}}},"fnMap":{},"branchMap":{},"s":{"0":1,"1":1,"2":1,"3":1,"4":1,"5":1,"6":1,"7":1,"8":1,"9":1},"f":{},"b":{}}
,"/Users/gaeldr/Documents/DEVELOPMENT/TESTS TECHNIQUES/justify_text_api/src/utils/generateToken.ts": {"path":"/Users/gaeldr/Documents/DEVELOPMENT/TESTS TECHNIQUES/justify_text_api/src/utils/generateToken.ts","statementMap":{"0":{"start":{"line":1,"column":0},"end":{"line":1,"column":28}},"1":{"start":{"line":2,"column":0},"end":{"line":2,"column":31}},"2":{"start":{"line":4,"column":0},"end":{"line":4,"column":16}},"3":{"start":{"line":6,"column":23},"end":{"line":6,"column":59}},"4":{"start":{"line":8,"column":22},"end":{"line":11,"column":1}},"5":{"start":{"line":9,"column":16},"end":{"line":9,"column":72}},"6":{"start":{"line":10,"column":2},"end":{"line":10,"column":15}},"7":{"start":{"line":13,"column":0},"end":{"line":13,"column":29}}},"fnMap":{"0":{"name":"(anonymous_1)","decl":{"start":{"line":8,"column":22},"end":{"line":8,"column":23}},"loc":{"start":{"line":8,"column":40},"end":{"line":11,"column":1}}}},"branchMap":{},"s":{"0":1,"1":1,"2":1,"3":1,"4":1,"5":1,"6":1,"7":1},"f":{"0":1},"b":{}}
,"/Users/gaeldr/Documents/DEVELOPMENT/TESTS TECHNIQUES/justify_text_api/src/utils/justifyUtils.ts": {"path":"/Users/gaeldr/Documents/DEVELOPMENT/TESTS TECHNIQUES/justify_text_api/src/utils/justifyUtils.ts","statementMap":{"0":{"start":{"line":1,"column":0},"end":{"line":1,"column":16}},"1":{"start":{"line":8,"column":0},"end":{"line":8,"column":16}},"2":{"start":{"line":12,"column":0},"end":{"line":12,"column":16}},"3":{"start":{"line":38,"column":0},"end":{"line":38,"column":16}},"4":{"start":{"line":2,"column":19},"end":{"line":2,"column":60}},"5":{"start":{"line":3,"column":22},"end":{"line":3,"column":49}},"6":{"start":{"line":4,"column":28},"end":{"line":4,"column":67}},"7":{"start":{"line":5,"column":2},"end":{"line":5,"column":62}},"8":{"start":{"line":9,"column":2},"end":{"line":9,"column":39}},"9":{"start":{"line":13,"column":16},"end":{"line":13,"column":38}},"10":{"start":{"line":15,"column":13},"end":{"line":15,"column":15}},"11":{"start":{"line":16,"column":27},"end":{"line":16,"column":29}},"12":{"start":{"line":18,"column":2},"end":{"line":29,"column":5}},"13":{"start":{"line":19,"column":22},"end":{"line":19,"column":37}},"14":{"start":{"line":21,"column":4},"end":{"line":28,"column":5}},"15":{"start":{"line":22,"column":6},"end":{"line":24,"column":7}},"16":{"start":{"line":23,"column":8},"end":{"line":23,"column":77}},"17":{"start":{"line":25,"column":6},"end":{"line":25,"column":23}},"18":{"start":{"line":27,"column":6},"end":{"line":27,"column":44}},"19":{"start":{"line":35,"column":2},"end":{"line":35,"column":35}},"20":{"start":{"line":39,"column":20},"end":{"line":39,"column":35}},"21":{"start":{"line":40,"column":22},"end":{"line":40,"column":49}},"22":{"start":{"line":42,"column":2},"end":{"line":42,"column":42}},"23":{"start":{"line":42,"column":30},"end":{"line":42,"column":42}},"24":{"start":{"line":44,"column":10},"end":{"line":44,"column":11}},"25":{"start":{"line":46,"column":2},"end":{"line":49,"column":3}},"26":{"start":{"line":47,"column":4},"end":{"line":47,"column":49}},"27":{"start":{"line":48,"column":4},"end":{"line":48,"column":8}},"28":{"start":{"line":51,"column":2},"end":{"line":51,"column":29}}},"fnMap":{"0":{"name":"cleanWord","decl":{"start":{"line":1,"column":16},"end":{"line":1,"column":25}},"loc":{"start":{"line":1,"column":38},"end":{"line":6,"column":1}}},"1":{"name":"removeExtraNewlines","decl":{"start":{"line":8,"column":16},"end":{"line":8,"column":35}},"loc":{"start":{"line":8,"column":48},"end":{"line":10,"column":1}}},"2":{"name":"justifyParagraph","decl":{"start":{"line":12,"column":16},"end":{"line":12,"column":32}},"loc":{"start":{"line":12,"column":73},"end":{"line":36,"column":1}}},"3":{"name":"(anonymous_3)","decl":{"start":{"line":18,"column":16},"end":{"line":18,"column":17}},"loc":{"start":{"line":18,"column":25},"end":{"line":29,"column":3}}},"4":{"name":"justifyLine","decl":{"start":{"line":38,"column":16},"end":{"line":38,"column":27}},"loc":{"start":{"line":38,"column":63},"end":{"line":52,"column":1}}}},"branchMap":{"0":{"loc":{"start":{"line":21,"column":4},"end":{"line":28,"column":5}},"type":"if","locations":[{"start":{"line":21,"column":4},"end":{"line":28,"column":5}},{"start":{"line":26,"column":11},"end":{"line":28,"column":5}}]},"1":{"loc":{"start":{"line":22,"column":6},"end":{"line":24,"column":7}},"type":"if","locations":[{"start":{"line":22,"column":6},"end":{"line":24,"column":7}}]},"2":{"loc":{"start":{"line":27,"column":15},"end":{"line":27,"column":30}},"type":"cond-expr","locations":[{"start":{"line":27,"column":22},"end":{"line":27,"column":25}},{"start":{"line":27,"column":28},"end":{"line":27,"column":30}}]},"3":{"loc":{"start":{"line":42,"column":2},"end":{"line":42,"column":42}},"type":"if","locations":[{"start":{"line":42,"column":2},"end":{"line":42,"column":42}}]}},"s":{"0":1,"1":1,"2":1,"3":1,"4":318,"5":318,"6":318,"7":318,"8":1,"9":2,"10":2,"11":2,"12":2,"13":318,"14":318,"15":23,"16":23,"17":23,"18":295,"19":2,"20":23,"21":23,"22":23,"23":0,"24":23,"25":23,"26":87,"27":87,"28":23},"f":{"0":318,"1":1,"2":2,"3":318,"4":23},"b":{"0":[23,295],"1":[23],"2":[293,2],"3":[0]}}
}
