{"/Users/gaeldr/Documents/DEVELOPMENT/TESTS TECHNIQUES/justify_text_api/src/index.ts": {"path":"/Users/gaeldr/Documents/DEVELOPMENT/TESTS TECHNIQUES/justify_text_api/src/index.ts","statementMap":{"0":{"start":{"line":1,"column":0},"end":{"line":1,"column":34}},"1":{"start":{"line":2,"column":0},"end":{"line":2,"column":28}},"2":{"start":{"line":3,"column":0},"end":{"line":3,"column":30}},"3":{"start":{"line":4,"column":0},"end":{"line":4,"column":16}},"4":{"start":{"line":5,"column":12},"end":{"line":5,"column":21}},"5":{"start":{"line":17,"column":9},"end":{"line":17,"column":12}},"6":{"start":{"line":7,"column":13},"end":{"line":7,"column":37}},"7":{"start":{"line":9,"column":0},"end":{"line":9,"column":48}},"8":{"start":{"line":11,"column":0},"end":{"line":11,"column":16}},"9":{"start":{"line":13,"column":15},"end":{"line":15,"column":2}},"10":{"start":{"line":14,"column":2},"end":{"line":14,"column":48}},"11":{"start":{"line":17,"column":14},"end":{"line":17,"column":20}}},"fnMap":{"0":{"name":"(anonymous_1)","decl":{"start":{"line":13,"column":32},"end":{"line":13,"column":35}},"loc":{"start":{"line":13,"column":37},"end":{"line":15,"column":1}}}},"branchMap":{"0":{"loc":{"start":{"line":7,"column":13},"end":{"line":7,"column":37}},"type":"binary-expr","locations":[{"start":{"line":7,"column":13},"end":{"line":7,"column":29}},{"start":{"line":7,"column":33},"end":{"line":7,"column":37}}]}},"s":{"0":3,"1":3,"2":3,"3":3,"4":3,"5":3,"6":3,"7":3,"8":3,"9":3,"10":3,"11":3},"f":{"0":3},"b":{"0":[3,0]}}
,"/Users/gaeldr/Documents/DEVELOPMENT/TESTS TECHNIQUES/justify_text_api/src/controllers/index.ts": {"path":"/Users/gaeldr/Documents/DEVELOPMENT/TESTS TECHNIQUES/justify_text_api/src/controllers/index.ts","statementMap":{"0":{"start":{"line":1,"column":0},"end":{"line":1,"column":52}},"1":{"start":{"line":3,"column":0},"end":{"line":3,"column":null}}},"fnMap":{},"branchMap":{},"s":{"0":3,"1":3},"f":{},"b":{}}
,"/Users/gaeldr/Documents/DEVELOPMENT/TESTS TECHNIQUES/justify_text_api/src/controllers/justifyController.ts": {"path":"/Users/gaeldr/Documents/DEVELOPMENT/TESTS TECHNIQUES/justify_text_api/src/controllers/justifyController.ts","statementMap":{"0":{"start":{"line":1,"column":0},"end":{"line":1,"column":77}},"1":{"start":{"line":4,"column":0},"end":{"line":20,"column":2}},"2":{"start":{"line":6,"column":17},"end":{"line":6,"column":25}},"3":{"start":{"line":7,"column":26},"end":{"line":7,"column":28}},"4":{"start":{"line":10,"column":23},"end":{"line":10,"column":41}},"5":{"start":{"line":11,"column":24},"end":{"line":13,"column":17}},"6":{"start":{"line":12,"column":6},"end":{"line":12,"column":56}},"7":{"start":{"line":16,"column":4},"end":{"line":16,"column":55}},"8":{"start":{"line":18,"column":4},"end":{"line":18,"column":47}}},"fnMap":{"0":{"name":"(anonymous_7)","decl":{"start":{"line":5,"column":8},"end":{"line":5,"column":19}},"loc":{"start":{"line":5,"column":47},"end":{"line":19,"column":null}}},"1":{"name":"(anonymous_9)","decl":{"start":{"line":11,"column":39},"end":{"line":11,"column":40}},"loc":{"start":{"line":11,"column":61},"end":{"line":13,"column":5}}}},"branchMap":{},"s":{"0":3,"1":3,"2":6,"3":6,"4":6,"5":6,"6":7,"7":6,"8":6},"f":{"0":6,"1":7},"b":{}}
,"/Users/gaeldr/Documents/DEVELOPMENT/TESTS TECHNIQUES/justify_text_api/src/middlewares/auth.ts": {"path":"/Users/gaeldr/Documents/DEVELOPMENT/TESTS TECHNIQUES/justify_text_api/src/middlewares/auth.ts","statementMap":{"0":{"start":{"line":1,"column":0},"end":{"line":1,"column":28}},"1":{"start":{"line":3,"column":0},"end":{"line":3,"column":31}},"2":{"start":{"line":5,"column":0},"end":{"line":5,"column":16}},"3":{"start":{"line":7,"column":23},"end":{"line":7,"column":59}},"4":{"start":{"line":9,"column":29},"end":{"line":22,"column":1}},"5":{"start":{"line":10,"column":20},"end":{"line":10,"column":28}},"6":{"start":{"line":11,"column":21},"end":{"line":11,"column":71}},"7":{"start":{"line":13,"column":23},"end":{"line":13,"column":64}},"8":{"start":{"line":13,"column":42},"end":{"line":13,"column":64}},"9":{"start":{"line":15,"column":2},"end":{"line":18,"column":3}},"10":{"start":{"line":16,"column":4},"end":{"line":16,"column":53}},"11":{"start":{"line":17,"column":4},"end":{"line":17,"column":11}},"12":{"start":{"line":20,"column":16},"end":{"line":20,"column":73}},"13":{"start":{"line":21,"column":2},"end":{"line":21,"column":34}},"14":{"start":{"line":9,"column":13},"end":{"line":9,"column":29}},"15":{"start":{"line":24,"column":33},"end":{"line":48,"column":1}},"16":{"start":{"line":29,"column":21},"end":{"line":29,"column":49}},"17":{"start":{"line":30,"column":16},"end":{"line":30,"column":54}},"18":{"start":{"line":32,"column":2},"end":{"line":35,"column":3}},"19":{"start":{"line":33,"column":4},"end":{"line":33,"column":41}},"20":{"start":{"line":34,"column":4},"end":{"line":34,"column":11}},"21":{"start":{"line":37,"column":2},"end":{"line":47,"column":3}},"22":{"start":{"line":38,"column":4},"end":{"line":44,"column":7}},"23":{"start":{"line":39,"column":6},"end":{"line":41,"column":7}},"24":{"start":{"line":40,"column":8},"end":{"line":40,"column":49}},"25":{"start":{"line":42,"column":6},"end":{"line":42,"column":27}},"26":{"start":{"line":43,"column":6},"end":{"line":43,"column":13}},"27":{"start":{"line":46,"column":4},"end":{"line":46,"column":41}},"28":{"start":{"line":24,"column":13},"end":{"line":24,"column":33}}},"fnMap":{"0":{"name":"(anonymous_1)","decl":{"start":{"line":9,"column":29},"end":{"line":9,"column":30}},"loc":{"start":{"line":9,"column":61},"end":{"line":22,"column":1}}},"1":{"name":"(anonymous_2)","decl":{"start":{"line":13,"column":23},"end":{"line":13,"column":24}},"loc":{"start":{"line":13,"column":42},"end":{"line":13,"column":64}}},"2":{"name":"(anonymous_3)","decl":{"start":{"line":24,"column":33},"end":{"line":24,"column":null}},"loc":{"start":{"line":28,"column":10},"end":{"line":48,"column":1}}},"3":{"name":"(anonymous_4)","decl":{"start":{"line":38,"column":38},"end":{"line":38,"column":39}},"loc":{"start":{"line":38,"column":62},"end":{"line":44,"column":5}}}},"branchMap":{"0":{"loc":{"start":{"line":15,"column":2},"end":{"line":18,"column":3}},"type":"if","locations":[{"start":{"line":15,"column":2},"end":{"line":18,"column":3}}]},"1":{"loc":{"start":{"line":30,"column":16},"end":{"line":30,"column":54}},"type":"binary-expr","locations":[{"start":{"line":30,"column":16},"end":{"line":30,"column":26}},{"start":{"line":30,"column":30},"end":{"line":30,"column":54}}]},"2":{"loc":{"start":{"line":32,"column":2},"end":{"line":35,"column":3}},"type":"if","locations":[{"start":{"line":32,"column":2},"end":{"line":35,"column":3}}]},"3":{"loc":{"start":{"line":39,"column":6},"end":{"line":41,"column":7}},"type":"if","locations":[{"start":{"line":39,"column":6},"end":{"line":41,"column":7}}]}},"s":{"0":3,"1":3,"2":3,"3":3,"4":3,"5":1,"6":1,"7":1,"8":1,"9":1,"10":1,"11":1,"12":0,"13":0,"14":3,"15":3,"16":10,"17":10,"18":10,"19":1,"20":1,"21":9,"22":9,"23":9,"24":1,"25":8,"26":8,"27":0,"28":3},"f":{"0":1,"1":1,"2":10,"3":9},"b":{"0":[1],"1":[10,9],"2":[1],"3":[1]}}
,"/Users/gaeldr/Documents/DEVELOPMENT/TESTS TECHNIQUES/justify_text_api/src/middlewares/rateLimiter.ts": {"path":"/Users/gaeldr/Documents/DEVELOPMENT/TESTS TECHNIQUES/justify_text_api/src/middlewares/rateLimiter.ts","statementMap":{"0":{"start":{"line":2,"column":46},"end":{"line":2,"column":48}},"1":{"start":{"line":3,"column":22},"end":{"line":3,"column":27}},"2":{"start":{"line":5,"column":20},"end":{"line":25,"column":1}},"3":{"start":{"line":10,"column":16},"end":{"line":10,"column":54}},"4":{"start":{"line":11,"column":20},"end":{"line":11,"column":46}},"5":{"start":{"line":13,"column":2},"end":{"line":15,"column":3}},"6":{"start":{"line":14,"column":4},"end":{"line":14,"column":26}},"7":{"start":{"line":17,"column":2},"end":{"line":17,"column":33}},"8":{"start":{"line":19,"column":2},"end":{"line":22,"column":3}},"9":{"start":{"line":20,"column":4},"end":{"line":20,"column":58}},"10":{"start":{"line":21,"column":4},"end":{"line":21,"column":11}},"11":{"start":{"line":24,"column":2},"end":{"line":24,"column":9}},"12":{"start":{"line":27,"column":31},"end":{"line":31,"column":1}},"13":{"start":{"line":28,"column":2},"end":{"line":30,"column":3}},"14":{"start":{"line":29,"column":4},"end":{"line":29,"column":29}},"15":{"start":{"line":27,"column":13},"end":{"line":27,"column":31}},"16":{"start":{"line":33,"column":0},"end":{"line":33,"column":27}}},"fnMap":{"0":{"name":"(anonymous_0)","decl":{"start":{"line":5,"column":20},"end":{"line":5,"column":null}},"loc":{"start":{"line":9,"column":10},"end":{"line":25,"column":1}}},"1":{"name":"(anonymous_1)","decl":{"start":{"line":27,"column":31},"end":{"line":27,"column":34}},"loc":{"start":{"line":27,"column":36},"end":{"line":31,"column":1}}}},"branchMap":{"0":{"loc":{"start":{"line":13,"column":2},"end":{"line":15,"column":3}},"type":"if","locations":[{"start":{"line":13,"column":2},"end":{"line":15,"column":3}}]},"1":{"loc":{"start":{"line":19,"column":2},"end":{"line":22,"column":3}},"type":"if","locations":[{"start":{"line":19,"column":2},"end":{"line":22,"column":3}}]}},"s":{"0":3,"1":3,"2":3,"3":7,"4":7,"5":7,"6":4,"7":7,"8":7,"9":1,"10":1,"11":6,"12":3,"13":4,"14":3,"15":3,"16":3},"f":{"0":7,"1":4},"b":{"0":[4],"1":[1]}}
,"/Users/gaeldr/Documents/DEVELOPMENT/TESTS TECHNIQUES/justify_text_api/src/router/api/index.ts": {"path":"/Users/gaeldr/Documents/DEVELOPMENT/TESTS TECHNIQUES/justify_text_api/src/router/api/index.ts","statementMap":{"0":{"start":{"line":1,"column":0},"end":{"line":1,"column":40}},"1":{"start":{"line":2,"column":0},"end":{"line":2,"column":70}},"2":{"start":{"line":3,"column":0},"end":{"line":3,"column":52}},"3":{"start":{"line":4,"column":0},"end":{"line":4,"column":30}},"4":{"start":{"line":6,"column":15},"end":{"line":6,"column":24}},"5":{"start":{"line":8,"column":19},"end":{"line":8,"column":33}},"6":{"start":{"line":9,"column":19},"end":{"line":9,"column":33}},"7":{"start":{"line":11,"column":0},"end":{"line":11,"column":53}},"8":{"start":{"line":12,"column":0},"end":{"line":18,"column":2}},"9":{"start":{"line":20,"column":0},"end":{"line":20,"column":22}}},"fnMap":{},"branchMap":{},"s":{"0":3,"1":3,"2":3,"3":3,"4":3,"5":3,"6":3,"7":3,"8":3,"9":3},"f":{},"b":{}}
,"/Users/gaeldr/Documents/DEVELOPMENT/TESTS TECHNIQUES/justify_text_api/src/utils/generateToken.ts": {"path":"/Users/gaeldr/Documents/DEVELOPMENT/TESTS TECHNIQUES/justify_text_api/src/utils/generateToken.ts","statementMap":{"0":{"start":{"line":1,"column":0},"end":{"line":1,"column":28}},"1":{"start":{"line":2,"column":0},"end":{"line":2,"column":31}},"2":{"start":{"line":4,"column":0},"end":{"line":4,"column":16}},"3":{"start":{"line":6,"column":23},"end":{"line":6,"column":59}},"4":{"start":{"line":8,"column":22},"end":{"line":11,"column":1}},"5":{"start":{"line":9,"column":16},"end":{"line":9,"column":72}},"6":{"start":{"line":10,"column":2},"end":{"line":10,"column":15}},"7":{"start":{"line":13,"column":0},"end":{"line":13,"column":29}}},"fnMap":{"0":{"name":"(anonymous_1)","decl":{"start":{"line":8,"column":22},"end":{"line":8,"column":23}},"loc":{"start":{"line":8,"column":40},"end":{"line":11,"column":1}}}},"branchMap":{},"s":{"0":2,"1":2,"2":2,"3":2,"4":2,"5":3,"6":3,"7":2},"f":{"0":3},"b":{}}
,"/Users/gaeldr/Documents/DEVELOPMENT/TESTS TECHNIQUES/justify_text_api/src/utils/justifyUtils.ts": {"path":"/Users/gaeldr/Documents/DEVELOPMENT/TESTS TECHNIQUES/justify_text_api/src/utils/justifyUtils.ts","statementMap":{"0":{"start":{"line":1,"column":0},"end":{"line":1,"column":16}},"1":{"start":{"line":8,"column":0},"end":{"line":8,"column":16}},"2":{"start":{"line":12,"column":0},"end":{"line":12,"column":16}},"3":{"start":{"line":38,"column":0},"end":{"line":38,"column":16}},"4":{"start":{"line":2,"column":19},"end":{"line":2,"column":60}},"5":{"start":{"line":3,"column":22},"end":{"line":3,"column":49}},"6":{"start":{"line":4,"column":28},"end":{"line":4,"column":67}},"7":{"start":{"line":5,"column":2},"end":{"line":5,"column":62}},"8":{"start":{"line":9,"column":2},"end":{"line":9,"column":39}},"9":{"start":{"line":13,"column":16},"end":{"line":13,"column":38}},"10":{"start":{"line":15,"column":13},"end":{"line":15,"column":15}},"11":{"start":{"line":16,"column":27},"end":{"line":16,"column":29}},"12":{"start":{"line":18,"column":2},"end":{"line":29,"column":5}},"13":{"start":{"line":19,"column":22},"end":{"line":19,"column":37}},"14":{"start":{"line":21,"column":4},"end":{"line":28,"column":5}},"15":{"start":{"line":22,"column":6},"end":{"line":24,"column":7}},"16":{"start":{"line":23,"column":8},"end":{"line":23,"column":77}},"17":{"start":{"line":25,"column":6},"end":{"line":25,"column":23}},"18":{"start":{"line":27,"column":6},"end":{"line":27,"column":44}},"19":{"start":{"line":31,"column":2},"end":{"line":33,"column":3}},"20":{"start":{"line":32,"column":4},"end":{"line":32,"column":73}},"21":{"start":{"line":35,"column":2},"end":{"line":35,"column":35}},"22":{"start":{"line":39,"column":20},"end":{"line":39,"column":35}},"23":{"start":{"line":40,"column":22},"end":{"line":40,"column":49}},"24":{"start":{"line":42,"column":2},"end":{"line":42,"column":42}},"25":{"start":{"line":42,"column":30},"end":{"line":42,"column":42}},"26":{"start":{"line":44,"column":10},"end":{"line":44,"column":11}},"27":{"start":{"line":46,"column":2},"end":{"line":49,"column":3}},"28":{"start":{"line":47,"column":4},"end":{"line":47,"column":49}},"29":{"start":{"line":48,"column":4},"end":{"line":48,"column":8}},"30":{"start":{"line":51,"column":2},"end":{"line":51,"column":29}}},"fnMap":{"0":{"name":"cleanWord","decl":{"start":{"line":1,"column":16},"end":{"line":1,"column":25}},"loc":{"start":{"line":1,"column":38},"end":{"line":6,"column":1}}},"1":{"name":"removeExtraNewlines","decl":{"start":{"line":8,"column":16},"end":{"line":8,"column":35}},"loc":{"start":{"line":8,"column":48},"end":{"line":10,"column":1}}},"2":{"name":"justifyParagraph","decl":{"start":{"line":12,"column":16},"end":{"line":12,"column":32}},"loc":{"start":{"line":12,"column":73},"end":{"line":36,"column":1}}},"3":{"name":"(anonymous_3)","decl":{"start":{"line":18,"column":16},"end":{"line":18,"column":17}},"loc":{"start":{"line":18,"column":25},"end":{"line":29,"column":3}}},"4":{"name":"justifyLine","decl":{"start":{"line":38,"column":16},"end":{"line":38,"column":27}},"loc":{"start":{"line":38,"column":63},"end":{"line":52,"column":1}}}},"branchMap":{"0":{"loc":{"start":{"line":21,"column":4},"end":{"line":28,"column":5}},"type":"if","locations":[{"start":{"line":21,"column":4},"end":{"line":28,"column":5}},{"start":{"line":26,"column":11},"end":{"line":28,"column":5}}]},"1":{"loc":{"start":{"line":22,"column":6},"end":{"line":24,"column":7}},"type":"if","locations":[{"start":{"line":22,"column":6},"end":{"line":24,"column":7}}]},"2":{"loc":{"start":{"line":27,"column":15},"end":{"line":27,"column":30}},"type":"cond-expr","locations":[{"start":{"line":27,"column":22},"end":{"line":27,"column":25}},{"start":{"line":27,"column":28},"end":{"line":27,"column":30}}]},"3":{"loc":{"start":{"line":31,"column":2},"end":{"line":33,"column":3}},"type":"if","locations":[{"start":{"line":31,"column":2},"end":{"line":33,"column":3}}]},"4":{"loc":{"start":{"line":42,"column":2},"end":{"line":42,"column":42}},"type":"if","locations":[{"start":{"line":42,"column":2},"end":{"line":42,"column":42}}]}},"s":{"0":3,"1":3,"2":3,"3":3,"4":100323,"5":100323,"6":100323,"7":100323,"8":6,"9":7,"10":7,"11":7,"12":7,"13":100323,"14":100323,"15":6268,"16":6268,"17":6268,"18":94055,"19":7,"20":7,"21":7,"22":6275,"23":6275,"24":6275,"25":1,"26":6274,"27":6274,"28":6341,"29":6341,"30":6274},"f":{"0":100323,"1":6,"2":7,"3":100323,"4":6275},"b":{"0":[6268,94055],"1":[6268],"2":[94048,7],"3":[7],"4":[1]}}
}
