TN:
SF:src/index.ts
FN:13,(anonymous_1)
FNF:1
FNH:1
FNDA:3,(anonymous_1)
DA:1,3
DA:2,3
DA:3,3
DA:4,3
DA:5,3
DA:7,3
DA:9,3
DA:11,3
DA:13,3
DA:14,3
DA:17,3
LF:11
LH:11
BRDA:7,0,0,3
BRDA:7,0,1,0
BRF:2
BRH:1
end_of_record
TN:
SF:src/controllers/index.ts
FNF:0
FNH:0
DA:1,3
DA:3,3
LF:2
LH:2
BRF:0
BRH:0
end_of_record
TN:
SF:src/controllers/justifyController.ts
FN:5,(anonymous_7)
FN:11,(anonymous_9)
FNF:2
FNH:2
FNDA:6,(anonymous_7)
FNDA:7,(anonymous_9)
DA:1,3
DA:4,3
DA:6,6
DA:7,6
DA:10,6
DA:11,6
DA:12,7
DA:16,6
DA:18,6
LF:9
LH:9
BRF:0
BRH:0
end_of_record
TN:
SF:src/middlewares/auth.ts
FN:9,(anonymous_1)
FN:13,(anonymous_2)
FN:24,(anonymous_3)
FN:38,(anonymous_4)
FNF:4
FNH:4
FNDA:1,(anonymous_1)
FNDA:1,(anonymous_2)
FNDA:10,(anonymous_3)
FNDA:9,(anonymous_4)
DA:1,3
DA:3,3
DA:5,3
DA:7,3
DA:9,3
DA:10,1
DA:11,1
DA:13,1
DA:15,1
DA:16,1
DA:17,1
DA:20,0
DA:21,0
DA:24,3
DA:29,10
DA:30,10
DA:32,10
DA:33,1
DA:34,1
DA:37,9
DA:38,9
DA:39,9
DA:40,1
DA:42,8
DA:43,8
DA:46,0
LF:26
LH:23
BRDA:15,0,0,1
BRDA:30,1,0,10
BRDA:30,1,1,9
BRDA:32,2,0,1
BRDA:39,3,0,1
BRF:5
BRH:5
end_of_record
TN:
SF:src/middlewares/rateLimiter.ts
FN:5,(anonymous_0)
FN:27,(anonymous_1)
FNF:2
FNH:2
FNDA:7,(anonymous_0)
FNDA:4,(anonymous_1)
DA:2,3
DA:3,3
DA:5,3
DA:10,7
DA:11,7
DA:13,7
DA:14,4
DA:17,7
DA:19,7
DA:20,1
DA:21,1
DA:24,6
DA:27,3
DA:28,4
DA:29,3
DA:33,3
LF:16
LH:16
BRDA:13,0,0,4
BRDA:19,1,0,1
BRF:2
BRH:2
end_of_record
TN:
SF:src/router/api/index.ts
FNF:0
FNH:0
DA:1,3
DA:2,3
DA:3,3
DA:4,3
DA:6,3
DA:8,3
DA:9,3
DA:11,3
DA:12,3
DA:20,3
LF:10
LH:10
BRF:0
BRH:0
end_of_record
TN:
SF:src/utils/generateToken.ts
FN:8,(anonymous_1)
FNF:1
FNH:1
FNDA:3,(anonymous_1)
DA:1,2
DA:2,2
DA:4,2
DA:6,2
DA:8,2
DA:9,3
DA:10,3
DA:13,2
LF:8
LH:8
BRF:0
BRH:0
end_of_record
TN:
SF:src/utils/justifyUtils.ts
FN:1,cleanWord
FN:8,removeExtraNewlines
FN:12,justifyParagraph
FN:18,(anonymous_3)
FN:38,justifyLine
FNF:5
FNH:5
FNDA:100323,cleanWord
FNDA:6,removeExtraNewlines
FNDA:7,justifyParagraph
FNDA:100323,(anonymous_3)
FNDA:6275,justifyLine
DA:1,3
DA:2,100323
DA:3,100323
DA:4,100323
DA:5,100323
DA:8,3
DA:9,6
DA:12,3
DA:13,7
DA:15,7
DA:16,7
DA:18,7
DA:19,100323
DA:21,100323
DA:22,6268
DA:23,6268
DA:25,6268
DA:27,94055
DA:31,7
DA:32,7
DA:35,7
DA:38,3
DA:39,6275
DA:40,6275
DA:42,6275
DA:44,6274
DA:46,6274
DA:47,6341
DA:48,6341
DA:51,6274
LF:30
LH:30
BRDA:21,0,0,6268
BRDA:21,0,1,94055
BRDA:22,1,0,6268
BRDA:27,2,0,94048
BRDA:27,2,1,7
BRDA:31,3,0,7
BRDA:42,4,0,1
BRF:7
BRH:7
end_of_record
