TN:
SF:src/index.ts
FN:13,(anonymous_1)
FNF:1
FNH:1
FNDA:1,(anonymous_1)
DA:1,1
DA:2,1
DA:3,1
DA:4,1
DA:5,1
DA:7,1
DA:9,1
DA:11,1
DA:13,1
DA:14,1
DA:17,1
LF:11
LH:11
BRDA:7,0,0,1
BRDA:7,0,1,0
BRF:2
BRH:1
end_of_record
TN:
SF:src/controllers/index.ts
FNF:0
FNH:0
DA:1,1
DA:3,1
LF:2
LH:2
BRF:0
BRH:0
end_of_record
TN:
SF:src/controllers/justifyController.ts
FN:5,(anonymous_7)
FN:11,(anonymous_9)
FNF:2
FNH:2
FNDA:1,(anonymous_7)
FNDA:2,(anonymous_9)
DA:1,1
DA:4,1
DA:6,1
DA:7,1
DA:10,1
DA:11,1
DA:12,2
DA:16,1
DA:18,1
LF:9
LH:9
BRF:0
BRH:0
end_of_record
TN:
SF:src/middlewares/auth.ts
FN:9,(anonymous_1)
FN:15,(anonymous_2)
FN:30,(anonymous_3)
FNF:3
FNH:2
FNDA:0,(anonymous_1)
FNDA:1,(anonymous_2)
FNDA:1,(anonymous_3)
DA:2,1
DA:3,1
DA:5,1
DA:7,1
DA:9,1
DA:10,0
DA:11,0
DA:12,0
DA:15,1
DA:20,1
DA:21,1
DA:24,1
DA:25,0
DA:26,0
DA:29,1
DA:30,1
DA:31,1
DA:32,0
DA:34,1
DA:35,1
DA:38,0
LF:21
LH:14
BRDA:21,0,0,1
BRDA:21,0,1,1
BRDA:24,1,0,0
BRDA:31,2,0,0
BRF:4
BRH:2
end_of_record
TN:
SF:src/middlewares/rateLimiter.ts
FN:5,(anonymous_0)
FNF:1
FNH:1
FNDA:1,(anonymous_0)
DA:2,1
DA:3,1
DA:5,1
DA:10,1
DA:11,1
DA:13,1
DA:14,0
DA:15,0
DA:18,1
DA:19,1
DA:22,1
DA:24,1
DA:25,0
DA:26,0
DA:29,1
DA:32,1
LF:16
LH:12
BRDA:13,0,0,0
BRDA:18,1,0,1
BRDA:24,2,0,0
BRF:3
BRH:1
end_of_record
TN:
SF:src/router/api/index.ts
FNF:0
FNH:0
DA:1,1
DA:2,1
DA:3,1
DA:4,1
DA:6,1
DA:8,1
DA:9,1
DA:11,1
DA:12,1
DA:20,1
LF:10
LH:10
BRF:0
BRH:0
end_of_record
TN:
SF:src/utils/generateToken.ts
FN:8,(anonymous_1)
FNF:1
FNH:1
FNDA:1,(anonymous_1)
DA:1,1
DA:2,1
DA:4,1
DA:6,1
DA:8,1
DA:9,1
DA:10,1
DA:13,1
LF:8
LH:8
BRF:0
BRH:0
end_of_record
TN:
SF:src/utils/justifyUtils.ts
FN:1,cleanWord
FN:8,removeExtraNewlines
FN:12,justifyParagraph
FN:18,(anonymous_3)
FN:38,justifyLine
FNF:5
FNH:5
FNDA:318,cleanWord
FNDA:1,removeExtraNewlines
FNDA:2,justifyParagraph
FNDA:318,(anonymous_3)
FNDA:23,justifyLine
DA:1,1
DA:2,318
DA:3,318
DA:4,318
DA:5,318
DA:8,1
DA:9,1
DA:12,1
DA:13,2
DA:15,2
DA:16,2
DA:18,2
DA:19,318
DA:21,318
DA:22,23
DA:23,23
DA:25,23
DA:27,295
DA:35,2
DA:38,1
DA:39,23
DA:40,23
DA:42,23
DA:44,23
DA:46,23
DA:47,87
DA:48,87
DA:51,23
LF:28
LH:28
BRDA:21,0,0,23
BRDA:21,0,1,295
BRDA:22,1,0,23
BRDA:27,2,0,293
BRDA:27,2,1,2
BRDA:42,3,0,0
BRF:6
BRH:5
end_of_record
